119-6-13  23:10:43   (WARN):Send(PINFO info, const char* data)
119-6-13  23:10:43   (WARN):Client Send
119-6-13  23:10:43   (WARN):Send(PINFO info, const char* data)
119-6-13  23:10:43   (WARN):Client Send
119-6-13  23:10:43   (WARN):Send(PINFO info, const char* data)
119-6-13  23:10:43   (WARN):Client Send
119-6-13  23:10:44   (WARN):Send(PINFO info, const char* data)
119-6-13  23:10:44   (WARN):Client Send
119-6-13  23:10:51   (WARN):Client Recv
119-6-13  23:10:51   (WARN):Send(PINFO info, const char* data)
119-6-13  23:10:51   (WARN):Client Recv
119-6-13  23:10:51   (WARN):Send(PINFO info, const char* data)
119-6-13  23:10:51   (WARN):Client Recv
119-6-13  23:10:51   (WARN):Send(PINFO info, const char* data)
119-6-13  23:10:51   (WARN):Client Recv
119-6-13  23:10:51   (WARN):Send(PINFO info, const char* data)
119-6-13  23:10:51   (WARN):Client Send
119-6-13  23:10:51   (WARN):Client Send
119-6-13  23:10:51   (WARN):Client Send
119-6-13  23:10:51   (WARN):Client Send
119-6-13  23:10:51   (WARN):Client Recv
119-6-13  23:10:51   (WARN):Send(PINFO info, const char* data)
119-6-13  23:10:51   (WARN):Client Recv
119-6-13  23:10:51   (WARN):Send(PINFO info, const char* data)
119-6-13  23:10:51   (WARN):Client Recv
119-6-13  23:10:51   (WARN):Send(PINFO info, const char* data)
119-6-13  23:10:51   (WARN):Client Recv
119-6-13  23:10:51   (WARN):Send(PINFO info, const char* data)
119-6-13  23:10:51   (WARN):Client Send
119-6-13  23:10:51   (WARN):Client Send
119-6-13  23:10:51   (WARN):Client Send
119-6-13  23:10:51   (WARN):Client Send
119-6-13  23:10:51   (WARN):Client Recv
119-6-13  23:10:51   (WARN):Send(PINFO info, const char* data)
119-6-13  23:10:51   (WARN):Client Recv
119-6-13  23:10:51   (WARN):Send(PINFO info, const char* data)
119-6-13  23:10:51   (WARN):Client Recv
119-6-13  23:10:51   (WARN):Send(PINFO info, const char* data)
119-6-13  23:10:51   (WARN):Client Recv
119-6-13  23:10:51   (WARN):Send(PINFO info, const char* data)
119-6-13  23:10:51   (WARN):Client Send
119-6-13  23:10:51   (WARN):Client Send
119-6-13  23:10:51   (WARN):Client Send
119-6-13  23:10:51   (WARN):Client Send
119-6-13  23:10:51   (WARN):Client Recv
119-6-13  23:10:51   (WARN):Send(PINFO info, const char* data)
119-6-13  23:10:51   (WARN):Client Recv
119-6-13  23:10:51   (WARN):Send(PINFO info, const char* data)
119-6-13  23:10:51   (WARN):Client Send
119-6-13  23:10:51   (WARN):Client Send
119-6-13  23:10:51   (WARN):Client Recv
119-6-13  23:10:51   (WARN):Send(PINFO info, const char* data)
119-6-13  23:10:51   (WARN):Client Recv
119-6-13  23:10:51   (WARN):Send(PINFO info, const char* data)
119-6-13  23:10:51   (WARN):Client Send
119-6-13  23:10:51   (WARN):Client Send
119-6-13  23:10:51   (WARN):Client Recv
119-6-13  23:10:51   (WARN):Send(PINFO info, const char* data)
119-6-13  23:10:51   (WARN):Client Recv
119-6-13  23:10:51   (WARN):Send(PINFO info, const char* data)
119-6-13  23:10:51   (WARN):Client Recv
119-6-13  23:10:51   (WARN):Send(PINFO info, const char* data)
119-6-13  23:10:51   (WARN):Client Recv
119-6-13  23:10:51   (WARN):Send(PINFO info, const char* data)
119-6-13  23:10:51   (WARN):Client Send
119-6-13  23:10:51   (WARN):Client Send
119-6-13  23:10:51   (WARN):Client Send
119-6-13  23:10:51   (WARN):Client Send
119-6-13  23:10:51   (WARN):Client Recv
119-6-13  23:10:51   (WARN):Send(PINFO info, const char* data)
119-6-13  23:10:51   (WARN):Client Recv
119-6-13  23:10:51   (WARN):Send(PINFO info, const char* data)
119-6-13  23:10:51   (WARN):Client Recv
119-6-13  23:10:51   (WARN):Send(PINFO info, const char* data)
119-6-13  23:10:51   (WARN):Client Recv
119-6-13  23:10:51   (WARN):Send(PINFO info, const char* data)
119-6-13  23:10:51   (WARN):Client Send
119-6-13  23:10:51   (WARN):Client Send
119-6-13  23:10:51   (WARN):Client Send
119-6-13  23:10:51   (WARN):Client Send
119-6-13  23:10:51   (WARN):Client Recv
119-6-13  23:10:51   (WARN):Send(PINFO info, const char* data)
119-6-13  23:10:51   (WARN):Client Recv
119-6-13  23:10:51   (WARN):Send(PINFO info, const char* data)
119-6-13  23:10:51   (WARN):Client Recv
119-6-13  23:10:51   (WARN):Client Send
fo, const char* data)
119-6-13  23:10:51   (WARN):Client Send
119-6-13  23:10:51   (WARN):Client Send
119-6-13  23:10:51   (WARN):Send(PINFO info, const char* data)
119-6-13  23:10:51   (WARN):Client Send
119-6-13  23:10:51   (WARN):Client Recv
119-6-13  23:10:51   (WARN):Send(PINFO info, const char* data)
119-6-13  23:10:51   (WARN):Client Recv
119-6-13  23:10:51   (WARN):Send(PINFO info, const char* data)
119-6-13  23:10:51   (WARN):Client Recv
119-6-13  23:10:51   (WARN):Send(PINFO info, const char* data)
119-6-13  23:10:51   (WARN):Client Recv
119-6-13  23:10:51   (WARN):Send(PINFO info, const char* data)
119-6-13  23:10:51   (WARN):Client Send
119-6-13  23:10:51   (WARN):Client Send
119-6-13  23:10:51   (WARN):Client Send
119-6-13  23:10:51   (WARN):Client Send
119-6-13  23:10:52   (WARN):Client Recv
119-6-13  23:10:52   (WARN):Send(PINFO info, const char* data)
119-6-13  23:10:52   (WARN):Client Recv
119-6-13  23:10:52   (WARN):Send(PINFO info, const char* data)
119-6-13  23:10:52   (WARN):Client Recv
119-6-13  23:10:52   (WARN):Send(PINFO info, const char* data)
119-6-13  23:10:52   (WARN):Client Send
119-6-13  23:10:52   (WARN):Client Recv
119-6-13  23:10:52   (WARN):Client Send
119-6-13  23:10:52   (WARN):Send(PINFO info, const char* data)
119-6-13  23:10:52   (WARN):Client Send
119-6-13  23:10:52   (WARN):Client Recv
119-6-13  23:10:52   (WARN):Send(PINFO info, const char* data)
119-6-13  23:10:52   (WARN):Client Recv
119-6-13  23:10:52   (WARN):Send(PINFO info, const char* data)
119-6-13  23:10:52   (WARN):Client Recv
119-6-13  23:10:52   (WARN):Send(PINFO info, const char* data)
119-6-13  23:10:52   (WARN):Client Recv
119-6-13  23:10:52   (WARN):Send(PINFO info, const char* data)
119-6-13  23:10:52   (WARN):Client Send
119-6-13  23:10:52   (WARN):Client Send
119-6-13  23:10:52   (WARN):Client Send
119-6-13  23:10:52   (WARN):Client Send
119-6-13  23:10:52   (WARN):Client Recv
119-6-13  23:10:52   (WARN):Send(PINFO info, const char* data)
119-6-13  23:10:52   (WARN):Client Recv
119-6-13  23:10:52   (WARN):Send(PINFO info, const char* data)
119-6-13  23:10:52   (WARN):Client Recv
119-6-13  23:10:52   (WARN):Send(PINFO info, const char* data)
119-6-13  23:10:52   (WARN):Client Recv
119-6-13  23:10:52   (WARN):Send(PINFO info, const char* data)
119-6-13  23:10:52   (WARN):Client Send
119-6-13  23:10:52   (WARN):Client Send
119-6-13  23:10:52   (WARN):Client Send
119-6-13  23:10:52   (WARN):Client Send
119-6-13  23:10:52   (WARN):Client Recv
119-6-13  23:10:52   (WARN):Send(PINFO info, const char* data)
119-6-13  23:10:52   (WARN):Client Recv
119-6-13  23:10:52   (WARN):Send(PINFO info, const char* data)
119-6-13  23:10:52   (WARN):Client Recv
119-6-13  23:10:52   (WARN):Send(PINFO info, const char* data)
119-6-13  23:10:52   (WARN):Client Recv
119-6-13  23:10:52   (WARN):Send(PINFO info, const char* data)
119-6-13  23:10:52   (WARN):Client Send
119-6-13  23:10:52   (WARN):Client Send
119-6-13  23:10:52   (WARN):Client Send
119-6-13  23:10:52   (WARN):Client Send
119-6-13  23:10:52   (WARN):Client Recv
119-6-13  23:10:52   (WARN):Send(PINFO info, const char* data)
119-6-13  23:10:52   (WARN):Client Recv
119-6-13  23:10:52   (WARN):Send(PINFO info, const char* data)
119-6-13  23:10:52   (WARN):Client Recv
119-6-13  23:10:52   (WARN):Send(PINFO info, const char* data)
119-6-13  23:10:52   (WARN):Client Recv
119-6-13  23:10:52   (WARN):Send(PINFO info, const char* data)
119-6-13  23:10:52   (WARN):Client Send
119-6-13  23:10:52   (WARN):Client Send
119-6-13  23:10:52   (WARN):Client Send
119-6-13  23:10:52   (WARN):Client Send
119-6-13  23:10:52   (WARN):Client Recv
119-6-13  23:10:52   (WARN):Send(PINFO info, const char* data)
119-6-13  23:10:52   (WARN):Client Send
119-6-13  23:10:52   (WARN):Client Recv
119-6-13  23:10:52   (WARN):Send(PINFO info, const char* data)
119-6-13  23:10:52   (WARN):Client Recv
119-6-13  23:10:52   (WARN):Send(PINFO info, const char* data)
119-6-13  23:10:52   (WARN):Client Recv
119-6-13  23:10:52   (WARN):Send(PINFO info, const char* data)
119-6-13  23:10:52   (WARN):Client Send
119-6-13  23:10:52   (WARN):Client Send
119-6-13  23:10:52   (WARN):Client Send
119-6-13  23:10:52   (WARN):Client Recv
119-6-13  23:10:52   (WARN):Send(PINFO info, const char* data)
119-6-13  23:10:52   (WARN):Client Recv
119-6-13  23:10:52   (WARN):Client Send
119-6-13  23:10:52   (WARN):Send(PINFO info, const char* data)
119-6-13  23:10:52   (WARN):Client Send
119-6-13  23:10:52   (WARN):Client Recv
119-6-13  23:10:52   (WARN):Send(PINFO info, const char* data)
119-6-13  23:10:52   (WARN):Client Send
119-6-13  23:10:52   (WARN):Send(PINFO info, const char* data)
119-6-13  23:10:52   (WARN):Client Send
119-6-13  23:10:52   (WARN):Client Recv
119-6-13  23:10:52   (WARN):Send(PINFO info, const char* data)
119-6-13  23:10:52   (WARN):Client Recv
119-6-13  23:10:52   (WARN):Send(PINFO info, const char* data)
119-6-13  23:10:52   (WARN):Client Recv
119-6-13  23:10:52   (WARN):Send(PINFO info, const char* data)
119-6-13  23:10:52   (WARN):Client Recv
119-6-13  23:10:52   (WARN):Send(PINFO info, const char* data)
119-6-13  23:10:52   (WARN):Client Send
119-6-13  23:10:52   (WARN):Client Send
119-6-13  23:10:52   (WARN):Client Send
119-6-13  23:10:52   (WARN):Client Send
119-6-13  23:10:52   (WARN):Client Recv
119-6-13  23:10:52   (WARN):Send(PINFO info, const char* data)
119-6-13  23:10:52   (WARN):Client Recv
119-6-13  23:10:52   (WARN):Send(PINFO info, const char* data)
119-6-13  23:10:52   (WARN):Client Recv
119-6-13  23:10:52   (WARN):Send(PINFO info, const char* data)
119-6-13  23:10:52   (WARN):Client Recv
119-6-13  23:10:52   (WARN):Send(PINFO info, const char* data)
119-6-13  23:10:52   (WARN):Client Send
119-6-13  23:10:52   (WARN):Client Send
119-6-13  23:10:52   (WARN):Client Send
119-6-13  23:10:52   (WARN):Client Send
119-6-13  23:10:52   (WARN):Client Recv
119-6-13  23:10:52   (WARN):Send(PINFO info, const char* data)
119-6-13  23:10:52   (WARN):Client Send
119-6-13  23:10:52   (WARN):Client Recv
119-6-13  23:10:52   (WARN):Send(PINFO info, const char* data)
119-6-13  23:10:52   (WARN):Client Recv
119-6-13  23:10:52   (WARN):Send(PINFO info, const char* data)
119-6-13  23:10:52   (WARN):Client Send
119-6-13  23:10:52   (WARN):Client Recv
119-6-13  23:10:52   (WARN):Send(PINFO info, const char* data)
119-6-13  23:10:52   (WARN):Client Send
119-6-13  23:10:52   (WARN):Client Send
119-6-13  23:10:52   (WARN):Client Recv
119-6-13  23:10:52   (WARN):Send(PINFO info, const char* data)
119-6-13  23:10:52   (WARN):Client Recv
119-6-13  23:10:52   (WARN):Send(PINFO info, const char* data)
119-6-13  23:10:52   (WARN):Client Recv
119-6-13  23:10:52   (WARN):Send(PINFO info, const char* data)
119-6-13  23:10:52   (WARN):Client Recv
119-6-13  23:10:52   (WARN):Client Send
119-6-13  23:10:52   (WARN):Client Send
119-6-13  23:10:52   (WARN):Send(PINFO info, const char* data)
119-6-13  23:10:52   (WARN):Client Send
119-6-13  23:10:52   (WARN):Client Send
119-6-13  23:10:52   (WARN):Client Recv
119-6-13  23:10:52   (WARN):Send(PINFO info, const char* data)
119-6-13  23:10:52   (WARN):Client Recv
119-6-13  23:10:52   (WARN):Send(PINFO info, const char* data)
119-6-13  23:10:52   (WARN):Client Send
119-6-13  23:10:52   (WARN):Client Send
119-6-13  23:10:52   (WARN):Client Recv
119-6-13  23:10:52   (WARN):Send(PINFO info, const char* data)
119-6-13  23:10:52   (WARN):Client Recv
119-6-13  23:10:52   (WARN):Send(PINFO info, const char* data)
119-6-13  23:10:52   (WARN):Client Send
119-6-13  23:10:52   (WARN):Client Send
119-6-13  23:10:52   (WARN):Client Recv
119-6-13  23:10:52   (WARN):Send(PINFO info, const char* data)
119-6-13  23:10:52   (WARN):Client Recv
119-6-13  23:10:52   (WARN):Send(PINFO info, const char* data)
119-6-13  23:10:52   (WARN):Client Recv
119-6-13  23:10:52   (WARN):Send(PINFO info, const char* data)
119-6-13  23:10:52   (WARN):Client Recv
119-6-13  23:10:52   (WARN):Send(PINFO info, const char* data)
119-6-13  23:10:52   (WARN):Client Send
119-6-13  23:10:52   (WARN):Client Send
119-6-13  23:10:52   (WARN):Client Send
119-6-13  23:10:52   (WARN):Client Send
119-6-13  23:10:52   (WARN):Client Recv
119-6-13  23:10:52   (WARN):Send(PINFO info, const char* data)
119-6-13  23:10:52   (WARN):Client Recv
119-6-13  23:10:52   (WARN):Send(PINFO info, const char* data)
119-6-13  23:10:52   (WARN):Client Recv
119-6-13  23:10:52   (WARN):Send(PINFO info, const char* data)
119-6-13  23:10:52   (WARN):Client Recv
119-6-13  23:10:52   (WARN):Send(PINFO info, const char* data)
119-6-13  23:10:52   (WARN):Client Send
119-6-13  23:10:52   (WARN):Client Send
119-6-13  23:10:52   (WARN):Client Send
119-6-13  23:10:52   (WARN):Client Recv
119-6-13  23:10:52   (WARN):Send(PINFO info, const char* data)
119-6-13  23:10:52   (WARN):Client Recv
119-6-13  23:10:52   (WARN):Send(PINFO info, const char* data)
119-6-13  23:10:52   (WARN):Client Recv
119-6-13  23:10:52   (WARN):Send(PINFO info, const char* data)
119-6-13  23:10:52   (WARN):Client Recv
119-6-13  23:10:52   (WARN):Send(PINFO info, const char* data)
119-6-13  23:10:52   (WARN):Client Send
119-6-13  23:10:52   (WARN):Client Send
119-6-13  23:10:52   (WARN):Client Send
119-6-13  23:10:52   (WARN):Client Send
119-6-13  23:10:52   (WARN):Client Recv
119-6-13  23:10:52   (WARN):Send(PINFO info, const char* data)
119-6-13  23:10:52   (WARN):Client Recv
119-6-13  23:10:52   (WARN):Send(PINFO info, const char* data)
119-6-13  23:10:52   (WARN):Client Recv
119-6-13  23:10:52   (WARN):Send(PINFO info, const char* data)
119-6-13  23:10:52   (WARN):Client Recv
119-6-13  23:10:52   (WARN):Send(PINFO info, const char* data)
119-6-13  23:10:52   (WARN):Client Send
119-6-13  23:10:52   (WARN):Client Send
119-6-13  23:10:52   (WARN):Client Send
119-6-13  23:10:52   (WARN):Client Send
119-6-13  23:10:53   (WARN):Client Recv
119-6-13  23:10:53   (WARN):Send(PINFO info, const char* data)
119-6-13  23:10:53   (WARN):Client Recv
119-6-13  23:10:53   (WARN):Send(PINFO info, const char* data)
119-6-13  23:10:53   (WARN):Client Recv
119-6-13  23:10:53   (WARN):Send(PINFO info, const char* data)
119-6-13  23:10:53   (WARN):Client Recv
119-6-13  23:10:53   (WARN):Send(PINFO info, const char* data)
119-6-13  23:10:53   (WARN):Client Send
119-6-13  23:10:53   (WARN):Client Send
119-6-13  23:10:53   (WARN):Client Send
119-6-13  23:10:53   (WARN):Client Recv
119-6-13  23:10:53   (WARN):Send(PINFO info, const char* data)
119-6-13  23:10:53   (WARN):Client Recv
119-6-13  23:10:53   (WARN):Send(PINFO info, const char* data)
119-6-13  23:10:53   (WARN):Client Recv
119-6-13  23:10:53   (WARN):Send(PINFO info, const char* data)
119-6-13  23:10:53   (WARN):Client Recv
119-6-13  23:10:53   (WARN):Send(PINFO info, const char* data)
119-6-13  23:10:53   (WARN):Client Send
119-6-13  23:10:53   (WARN):Client Send
119-6-13  23:10:53   (WARN):Client Send
119-6-13  23:10:53   (WARN):Client Send
119-6-13  23:10:53   (WARN):Client Recv
119-6-13  23:10:53   (WARN):Send(PINFO info, const char* data)
119-6-13  23:10:53   (WARN):Client Recv
119-6-13  23:10:53   (WARN):Client Send
119-6-13  23:10:53   (WARN):Send(PINFO info, const char* data)
119-6-13  23:10:53   (WARN):Client Send
119-6-13  23:10:53   (WARN):Client Recv
119-6-13  23:10:53   (WARN):Send(PINFO info, const char* data)
119-6-13  23:10:53   (WARN):Client Send
119-6-13  23:11:2   (WARN):Client Recv
119-6-13  23:11:2   (WARN):Send(PINFO info, const char* data)
119-6-13  23:11:2   (WARN):Client Send
119-6-13  23:11:2   (WARN):Client Recv
119-6-13  23:11:2   (WARN):Send(PINFO info, const char* data)
119-6-13  23:11:2   (WARN):Client Send
119-6-13  23:11:3   (WARN):Client Recv
119-6-13  23:11:3   (WARN):Send(PINFO info, const char* data)
119-6-13  23:11:3   (WARN):Client Recv
119-6-13  23:11:3   (WARN):Client Send
119-6-13  23:11:3   (WARN):Send(PINFO info, const char* data)
119-6-13  23:11:3   (WARN):Client Send
fo, const char* data)
119-6-13  23:11:3   (WARN):Client Send
119-6-13  23:11:3   (WARN):Send(PINFO info, const char* data)
119-6-13  23:11:3   (WARN):Client Recv
119-6-13  23:11:3   (WARN):Client Send
119-6-13  23:11:3   (WARN):Send(PINFO info, const char* data)
119-6-13  23:11:3   (WARN):Client Send
fo, const char* data)
119-6-13  23:11:3   (WARN):Client Send
119-6-13  23:11:3   (WARN):Send(PINFO info, const char* data)
119-6-13  23:11:3   (WARN):Client Recv
119-6-13  23:11:3   (WARN):Client Send
119-6-13  23:11:3   (WARN):Send(PINFO info, const char* data)
119-6-13  23:11:3   (WARN):Client Send
119-6-13  23:11:3   (WARN):Send(PINFO info, const char* data)
119-6-13  23:11:3   (WARN):Client Send
119-6-13  23:11:3   (WARN):Send(PINFO info, const char* data)
119-6-13  23:11:3   (WARN):Client Send
119-6-13  23:11:3   (WARN):Send(PINFO info, const char* data)
119-6-13  23:11:3   (WARN):Client Send
119-6-13  23:11:3   (WARN):Send(PINFO info, const char* data)
119-6-13  23:11:3   (WARN):Client Send
119-6-13  23:11:3   (WARN):Send(PINFO info, const char* data)
119-6-13  23:11:3   (WARN):Client Send
119-6-13  23:11:3   (WARN):Client Recv
119-6-13  23:11:3   (WARN):Send(PINFO info, const char* data)
119-6-13  23:11:3   (WARN):Client Send
119-6-13  23:11:3   (WARN):Send(PINFO info, const char* data)
119-6-13  23:11:3   (WARN):Client Send
119-6-13  23:11:3   (WARN):Send(PINFO info, const char* data)
119-6-13  23:11:3   (WARN):Client Send
119-6-13  23:11:3   (WARN):Send(PINFO info, const char* data)
119-6-13  23:11:3   (WARN):Client Send
119-6-13  23:11:3   (WARN):Send(PINFO info, const char* data)
119-6-13  23:11:3   (WARN):Client Send
119-6-13  23:11:3   (WARN):Send(PINFO info, const char* data)
119-6-13  23:11:3   (WARN):Client Recv
119-6-13  23:11:3   (WARN):Client Send
119-6-13  23:11:3   (WARN):Send(PINFO info, const char* data)
119-6-13  23:11:3   (WARN):Client Send
119-6-13  23:11:3   (WARN):Send(PINFO info, const char* data)
119-6-13  23:11:3   (WARN):Client Send
119-6-13  23:11:3   (WARN):Send(PINFO info, const char* data)
119-6-13  23:11:3   (WARN):Client Send
119-6-13  23:11:3   (WARN):Send(PINFO info, const char* data)
119-6-13  23:11:3   (WARN):Client Send
119-6-13  23:11:3   (WARN):Client Recv
119-6-13  23:11:3   (WARN):Send(PINFO info, const char* data)
119-6-13  23:11:3   (WARN):Client Send
119-6-13  23:11:3   (WARN):Send(PINFO info, const char* data)
119-6-13  23:11:3   (WARN):Client Send
119-6-13  23:11:3   (WARN):Send(PINFO info, const char* data)
119-6-13  23:11:3   (WARN):Client Send
119-6-13  23:11:3   (WARN):Send(PINFO info, const char* data)
119-6-13  23:11:3   (WARN):Client Send
119-6-13  23:11:3   (WARN):Send(PINFO info, const char* data)
119-6-13  23:11:3   (WARN):Client Send
119-6-13  23:11:3   (WARN):Send(PINFO info, const char* data)
119-6-13  23:11:3   (WARN):Client Send
119-6-13  23:11:3   (WARN):Send(PINFO info, const char* data)
119-6-13  23:11:3   (WARN):Client Send
119-6-13  23:11:3   (WARN):Send(PINFO info, const char* data)
119-6-13  23:11:3   (WARN):Client Recv
119-6-13  23:11:3   (WARN):Send(PINFO info, const char* data)
119-6-13  23:11:3   (WARN):Send(PINFO info, const char* data)
119-6-13  23:11:3   (WARN):Send(PINFO info, const char* data)
119-6-13  23:11:3   (WARN):Send(PINFO info, const char* data)
119-6-13  23:11:3   (WARN):Send(PINFO info, const char* data)
119-6-13  23:11:3   (WARN):Client Recv
119-6-13  23:11:3   (WARN):Send(PINFO info, const char* data)
119-6-13  23:11:3   (WARN):Send(PINFO info, const char* data)
119-6-13  23:11:3   (WARN):Send(PINFO info, const char* data)
119-6-13  23:11:3   (WARN):Client Send
119-6-13  23:11:3   (WARN):Client Send
119-6-13  23:11:3   (WARN):Client Send
119-6-13  23:11:3   (WARN):Client Send
119-6-13  23:11:3   (WARN):Client Send
119-6-13  23:11:3   (WARN):Client Send
119-6-13  23:11:3   (WARN):Client Send
119-6-13  23:11:3   (WARN):Client Send
119-6-13  23:11:3   (WARN):Client Send
119-6-13  23:11:3   (WARN):Send(PINFO info, const char* data)
119-6-13  23:11:3   (WARN):Client Send
119-6-13  23:11:3   (WARN):Send(PINFO info, const char* data)
119-6-13  23:11:3   (WARN):Client Send
119-6-13  23:11:3   (WARN):Client Recv
119-6-13  23:11:3   (WARN):Send(PINFO info, const char* data)
119-6-13  23:11:3   (WARN):Client Send
119-6-13  23:11:3   (WARN):Send(PINFO info, const char* data)
119-6-13  23:11:3   (WARN):Client Send
119-6-13  23:11:3   (WARN):Send(PINFO info, const char* data)
119-6-13  23:11:3   (WARN):Client Send
119-6-13  23:11:3   (WARN):Send(PINFO info, const char* data)
119-6-13  23:11:3   (WARN):Client Send
119-6-13  23:11:3   (WARN):Send(PINFO info, const char* data)
119-6-13  23:11:3   (WARN):Client Send
119-6-13  23:11:3   (WARN):Send(PINFO info, const char* data)
119-6-13  23:11:3   (WARN):Client Send
119-6-13  23:11:3   (WARN):Client Recv
119-6-13  23:11:3   (WARN):Send(PINFO info, const char* data)
119-6-13  23:11:3   (WARN):Client Recv
119-6-13  23:11:3   (WARN):Client Send
119-6-13  23:11:3   (WARN):Send(PINFO info, const char* data)
119-6-13  23:11:3   (WARN):Client Send
119-6-13  23:11:3   (WARN):Send(PINFO info, const char* data)
119-6-13  23:11:3   (WARN):Client Send
119-6-13  23:11:4   (WARN):Send(PINFO info, const char* data)
119-6-13  23:11:4   (WARN):Client Send
119-6-13  23:11:4   (WARN):Send(PINFO info, const char* data)
119-6-13  23:11:4   (WARN):Client Send
119-6-13  23:11:4   (WARN):Send(PINFO info, const char* data)
119-6-13  23:11:4   (WARN):Client Recv
119-6-13  23:11:4   (WARN):Send(PINFO info, const char* data)
119-6-13  23:11:4   (WARN):Client Recv
119-6-13  23:11:4   (WARN):Client Send
119-6-13  23:11:4   (WARN):Send(PINFO info, const char* data)
119-6-13  23:11:4   (WARN):Client Send
119-6-13  23:11:4   (WARN):Client Recv
119-6-13  23:11:4   (WARN):Send(PINFO info, const char* data)
119-6-13  23:11:4   (WARN):Client Send
119-6-13  23:11:4   (WARN):Client Recv
119-6-13  23:11:4   (WARN):Send(PINFO info, const char* data)
119-6-13  23:11:4   (WARN):Client Send
119-6-13  23:11:4   (WARN):Client Recv
119-6-13  23:11:4   (WARN):Send(PINFO info, const char* data)
119-6-13  23:11:4   (WARN):Client Send
119-6-13  23:11:4   (WARN):Client Recv
119-6-13  23:11:4   (WARN):Send(PINFO info, const char* data)
119-6-13  23:11:4   (WARN):Client Send
119-6-13  23:11:4   (WARN):Client Recv
119-6-13  23:11:4   (WARN):Send(PINFO info, const char* data)
119-6-13  23:11:4   (WARN):Client Recv
119-6-13  23:11:4   (WARN):Client Send
119-6-13  23:11:4   (WARN):Send(PINFO info, const char* data)
119-6-13  23:11:4   (WARN):Client Send
119-6-13  23:11:4   (WARN):Client Recv
119-6-13  23:11:4   (WARN):Send(PINFO info, const char* data)
119-6-13  23:11:4   (WARN):Client Recv
119-6-13  23:11:4   (WARN):Send(PINFO info, const char* data)
119-6-13  23:11:4   (WARN):Client Send
119-6-13  23:11:4   (WARN):Send(PINFO info, const char* data)
119-6-13  23:11:4   (WARN):Client Recv
119-6-13  23:11:4   (WARN):Client Send
119-6-13  23:11:4   (WARN):Send(PINFO info, const char* data)
119-6-13  23:11:4   (WARN):Client Send
119-6-13  23:11:4   (WARN):Send(PINFO info, const char* data)
119-6-13  23:11:4   (WARN):Client Recv
119-6-13  23:11:4   (WARN):Client Send
119-6-13  23:11:4   (WARN):Send(PINFO info, const char* data)
119-6-13  23:11:4   (WARN):Client Send
119-6-13  23:11:4   (WARN):Send(PINFO info, const char* data)
119-6-13  23:11:4   (WARN):Client Send
119-6-13  23:11:4   (WARN):Client Recv
119-6-13  23:11:4   (WARN):Send(PINFO info, const char* data)
119-6-13  23:11:4   (WARN):Client Send
119-6-13  23:11:4   (WARN):Send(PINFO info, const char* data)
119-6-13  23:11:4   (WARN):Client Recv
119-6-13  23:11:4   (WARN):Client Send
119-6-13  23:11:4   (WARN):Send(PINFO info, const char* data)
119-6-13  23:11:4   (WARN):Client Send
119-6-13  23:11:4   (WARN):Send(PINFO info, const char* data)
119-6-13  23:11:4   (WARN):Client Send
....